<?xml version="1.0" encoding="UTF-8"?>
<robot generator="Robot 6.1 (Python 3.11.0 on win32)" generated="20230626 08:25:06.760" rpa="false" schemaversion="4">
<suite id="s1" name="Get Users" source="E:\SQA Portfolio\Automation\APITest_RobotFramework\tests\test_cases\get_users.robot">
<test id="s1-t1" name="Get Users List Test" line="8">
<kw name="Get Users" library="keywords">
<var>${response_body}</var>
<var>${status_code}</var>
<arg>${BASE_URL}</arg>
<arg>${USER_LIST_ENDPOINT}</arg>
<arg>${APP_ID}</arg>
<kw name="Create Dictionary" library="BuiltIn">
<var>${headers}</var>
<arg>app-id=${app_id}</arg>
<doc>Creates and returns a dictionary based on the given ``items``.</doc>
<msg timestamp="20230626 08:25:07.163" level="INFO">${headers} = {'app-id': '64953ef9d9f7c5528662e639'}</msg>
<status status="PASS" starttime="20230626 08:25:07.161" endtime="20230626 08:25:07.163"/>
</kw>
<kw name="Set Variable" library="BuiltIn">
<var>${query}</var>
<arg>?limit=${limit}&amp;page=${page}</arg>
<doc>Returns the given values which can then be assigned to a variables.</doc>
<msg timestamp="20230626 08:25:07.164" level="INFO">${query} = ?limit=default_value&amp;page=default_value</msg>
<status status="PASS" starttime="20230626 08:25:07.163" endtime="20230626 08:25:07.164"/>
</kw>
<kw name="GET" library="RequestsLibrary">
<var>${response}</var>
<arg>${base_url}${endpoint}</arg>
<arg>params=limit=${limit}&amp;page=${page}</arg>
<arg>headers=${headers}</arg>
<doc>Sends a GET request.</doc>
<msg timestamp="20230626 08:25:07.666" level="INFO">GET Request : url=https://dummyapi.io/data/v1/user?limit=default_value&amp;page=default_value 
 path_url=/data/v1/user?limit=default_value&amp;page=default_value 
 headers={'User-Agent': 'python-requests/2.31.0', 'Accept-Encoding': 'gzip, deflate', 'Accept': '*/*', 'Connection': 'keep-alive', 'app-id': '64953ef9d9f7c5528662e639'} 
 body=None 
 </msg>
<msg timestamp="20230626 08:25:07.667" level="INFO">GET Response : url=https://dummyapi.io/data/v1/user?limit=default_value&amp;page=default_value 
 status=200, reason=OK 
 headers={'Connection': 'keep-alive', 'Content-Length': '15163', 'Access-Control-Allow-Origin': '*', 'Cache-Control': 'private', 'Content-Type': 'application/json; charset=utf-8', 'Etag': 'W/"3b3b-jF2cP7udHscqiI/304G505dC/pA"', 'Function-Execution-Id': 'enbe2ag3qr68', 'Server': 'Google Frontend', 'Strict-Transport-Security': 'max-age=31556926', 'X-Cloud-Trace-Context': 'bab32a6a8c8a449bbb24043e9eeb91ed', 'X-Country-Code': 'ID', 'Accept-Ranges': 'bytes', 'Date': 'Mon, 26 Jun 2023 01:25:07 GMT', 'X-Served-By': 'cache-qpg1235-QPG', 'X-Cache': 'MISS', 'X-Cache-Hits': '0', 'X-Timer': 'S1687742707.292468,VS0,VE289', 'Vary': 'cookie,need-authorization, x-fh-requested-host, accept-encoding', 'alt-svc': 'h3=":443";ma=86400,h3-29=":443";ma=86400,h3-27=":443";ma=86400'} 
 body={"data":[{"id":"60d0fe4f5311236168a109ca","title":"ms","firstName":"Sara","lastName":"Andersen","picture":"https://randomuser.me/api/portraits/women/58.jpg"},{"id":"60d0fe4f5311236168a109cb","title":"miss","firstName":"Edita","lastName":"Vestering","picture":"https://randomuser.me/api/portraits/med/women/89.jpg"},{"id":"60d0fe4f5311236168a109cc","title":"ms","firstName":"Adina","lastName":"Barbosa","picture":"https://randomuser.me/api/portraits/med/women/28.jpg"},{"id":"60d0fe4f5311236168a109cd","title":"mr","firstName":"Roberto","lastName":"Vega","picture":"https://randomuser.me/api/portraits/med/men/25.jpg"},{"id":"60d0fe4f5311236168a109ce","title":"mr","firstName":"Rudi","lastName":"Droste","picture":"https://randomuser.me/api/portraits/med/men/83.jpg"},{"id":"60d0fe4f5311236168a109cf","title":"mrs","firstName":"Carolina","lastName":"Lima","picture":"https://randomuser.me/api/portraits/med/women/5.jpg"},{"id":"60d0fe4f5311236168a109d0","title":"mr","firstName":"Emre","lastName":"Asikoglu","picture":"https://randomuser.me/api/portraits/med/men/23.jpg"},{"id":"60d0fe4f5311236168a109d1","title":"mr","firstName":"Kent","lastName":"Brewer","picture":"https://randomuser.me/api/portraits/med/men/52.jpg"},{"id":"60d0fe4f5311236168a109d2","title":"mr","firstName":"Evan","lastName":"Carlson","picture":"https://randomuser.me/api/portraits/med/men/80.jpg"},{"id":"60d0fe4f5311236168a109d3","title":"mr","firstName":"Friedrich-Karl","lastName":"Brand","picture":"https://randomuser.me/api/portraits/med/men/7.jpg"},{"id":"60d0fe4f5311236168a109d4","title":"mr","firstName":"Valentin","lastName":"Ortega","picture":"https://randomuser.me/api/portraits/med/men/3.jpg"},{"id":"60d0fe4f5311236168a109d5","title":"mrs","firstName":"Sibylle","lastName":"Leibold","picture":"https://randomuser.me/api/portraits/med/women/89.jpg"},{"id":"60d0fe4f5311236168a109d6","title":"mrs","firstName":"Elisa","lastName":"Lorenzo","picture":"https://randomuser.me/api/portraits/med/women/89.jpg"},{"id":"60d0fe4f5311236168a109d7","title":"mr","firstName":"Leevi","lastName":"Savela","picture":"https://randomuser.me/api/portraits/med/men/67.jpg"},{"id":"60d0fe4f5311236168a109d8","title":"mrs","firstName":"Karoline","lastName":"Sviggum","picture":"https://randomuser.me/api/portraits/med/women/61.jpg"},{"id":"60d0fe4f5311236168a109d9","title":"ms","firstName":"Nuria","lastName":"Leon","picture":"https://randomuser.me/api/portraits/med/women/93.jpg"},{"id":"60d0fe4f5311236168a109da","title":"mr","firstName":"Lance","lastName":"Foster","picture":"https://randomuser.me/api/portraits/med/men/13.jpg"},{"id":"60d0fe4f5311236168a109db","title":"miss","firstName":"Naomi","lastName":"Rodrigues","picture":"https://randomuser.me/api/portraits/med/women/39.jpg"},{"id":"60d0fe4f5311236168a109dc","title":"mr","firstName":"Evan","lastName":"Roux","picture":"https://randomuser.me/api/portraits/med/men/59.jpg"},{"id":"60d0fe4f5311236168a109dd","title":"mr","firstName":"Miguel","lastName":"Lima","picture":"https://randomuser.me/api/portraits/med/men/31.jpg"},{"id":"60d0fe4f5311236168a109de","title":"miss","firstName":"Bessie","lastName":"Burke","picture":"https://randomuser.me/api/portraits/med/women/72.jpg"},{"id":"60d0fe4f5311236168a109df","title":"mrs","firstName":"Anaelle","lastName":"Dumas","picture":"https://randomuser.me/api/portraits/med/women/25.jpg"},{"id":"60d0fe4f5311236168a109e0","title":"miss","firstName":"Milly","lastName":"Norman","picture":"https://randomuser.me/api/portraits/med/women/31.jpg"},{"id":"60d0fe4f5311236168a109e1","title":"mr","firstName":"James","lastName":"Black","picture":"https://randomuser.me/api/portraits/med/men/29.jpg"},{"id":"60d0fe4f5311236168a109e2","title":"mr","firstName":"Heinz-Georg","lastName":"Fiedler","picture":"https://randomuser.me/api/portraits/med/men/81.jpg"},{"id":"60d0fe4f5311236168a109e3","title":"mr","firstName":"Vetle","lastName":"Aasland","picture":"https://randomuser.me/api/portraits/med/men/97.jpg"},{"id":"60d0fe4f5311236168a109e4","title":"mr","firstName":"Pwry","lastName":"Shylyrd","picture":"https://randomuser.me/api/portraits/med/men/37.jpg"},{"id":"60d0fe4f5311236168a109e5","title":"mr","firstName":"Adrian","lastName":"Rodriguez","picture":"https://randomuser.me/api/portraits/med/men/45.jpg"},{"id":"60d0fe4f5311236168a109e6","title":"miss","firstName":"Milla","lastName":"Pollari","picture":"https://randomuser.me/api/portraits/med/women/89.jpg"},{"id":"60d0fe4f5311236168a109e7","title":"mr","firstName":"Joey","lastName":"Oliver","picture":"https://randomuser.me/api/portraits/med/men/61.jpg"},{"id":"60d0fe4f5311236168a109e8","title":"mrs","firstName":"Cecilie","lastName":"Mortensen","picture":"https://randomuser.me/api/portraits/med/women/56.jpg"},{"id":"60d0fe4f5311236168a109e9","title":"mr","firstName":"Alfredo","lastName":"Omahony","picture":"https://randomuser.me/api/portraits/med/men/76.jpg"},{"id":"60d0fe4f5311236168a109ea","title":"mrs","firstName":"Mhrs","lastName":"Hsyny","picture":"https://randomuser.me/api/portraits/med/women/77.jpg"},{"id":"60d0fe4f5311236168a109eb","title":"ms","firstName":"Nella","lastName":"Koivisto","picture":"https://randomuser.me/api/portraits/med/women/77.jpg"},{"id":"60d0fe4f5311236168a109ec","title":"mr","firstName":"Lucas","lastName":"Larsen","picture":"https://randomuser.me/api/portraits/med/men/50.jpg"},{"id":"60d0fe4f5311236168a109ed","title":"miss","firstName":"Kayla","lastName":"Bredesen","picture":"https://randomuser.me/api/portraits/med/women/13.jpg"},{"id":"60d0fe4f5311236168a109ee","title":"mrs","firstName":"Beatriz","lastName":"Gutierrez","picture":"https://randomuser.me/api/portraits/med/women/31.jpg"},{"id":"60d0fe4f5311236168a109ef","title":"miss","firstName":"Melanie","lastName":"Pilz","picture":"https://randomuser.me/api/portraits/med/women/32.jpg"},{"id":"60d0fe4f5311236168a109f0","title":"mr","firstName":"Wouter-Jan","lastName":"Wijnker","picture":"https://randomuser.me/api/portraits/med/men/67.jpg"},{"id":"60d0fe4f5311236168a109f2","title":"mr","firstName":"Albert","lastName":"Diez","picture":"https://randomuser.me/api/portraits/med/men/73.jpg"},{"id":"60d0fe4f5311236168a109f3","title":"mr","firstName":"Donald","lastName":"Hopkins","picture":"https://randomuser.me/api/portraits/med/men/73.jpg"},{"id":"60d0fe4f5311236168a109f4","title":"mr","firstName":"Benjamin","lastName":"Holland","picture":"https://randomuser.me/api/portraits/med/men/58.jpg"},{"id":"60d0fe4f5311236168a109f5","title":"ms","firstName":"Charlotte","lastName":"Legrand","picture":"https://randomuser.me/api/portraits/med/women/77.jpg"},{"id":"60d0fe4f5311236168a109f6","title":"miss","firstName":"Madison","lastName":"Ambrose","picture":"https://randomuser.me/api/portraits/med/women/15.jpg"},{"id":"60d0fe4f5311236168a109f7","title":"mrs","firstName":"Jolanda","lastName":"Lacroix","picture":"https://randomuser.me/api/portraits/med/women/32.jpg"},{"id":"60d0fe4f5311236168a109f8","title":"ms","firstName":"Signe","lastName":"Madsen","picture":"https://randomuser.me/api/portraits/med/women/84.jpg"},{"id":"60d0fe4f5311236168a109f9","title":"mr","firstName":"Marius","lastName":"Larsen","picture":"https://randomuser.me/api/portraits/med/men/54.jpg"},{"id":"60d0fe4f5311236168a109fa","title":"ms","firstName":"Ann","lastName":"Mason","picture":"https://randomuser.me/api/portraits/med/women/18.jpg"},{"id":"60d0fe4f5311236168a109fb","title":"mr","firstName":"Sohan","lastName":"Pierre","picture":"https://randomuser.me/api/portraits/med/men/77.jpg"},{"id":"60d0fe4f5311236168a109fc","title":"mr","firstName":"Gonzaga","lastName":"Ribeiro","picture":"https://randomuser.me/api/portraits/med/men/10.jpg"},{"id":"60d0fe4f5311236168a109fd","title":"mr","firstName":"Dylan","lastName":"Vasquez","picture":"https://randomuser.me/api/portraits/med/men/66.jpg"},{"id":"60d0fe4f5311236168a109fe","title":"mr","firstName":"AndrÃ©","lastName":"Robert","picture":"https://randomuser.me/api/portraits/med/men/9.jpg"},{"id":"60d0fe4f5311236168a109ff","title":"mrs","firstName":"Josefina","lastName":"Calvo","picture":"https://randomuser.me/api/portraits/med/women/3.jpg"},{"id":"60d0fe4f5311236168a10a00","title":"mrs","firstName":"Els","lastName":"Ijsseldijk","picture":"https://randomuser.me/api/portraits/med/women/75.jpg"},{"id":"60d0fe4f5311236168a10a01","title":"mr","firstName":"Jesus","lastName":"Riley","picture":"https://randomuser.me/api/portraits/med/men/45.jpg"},{"id":"60d0fe4f5311236168a10a02","title":"mr","firstName":"Cristobal","lastName":"Soler","picture":"https://randomuser.me/api/portraits/med/men/31.jpg"},{"id":"60d0fe4f5311236168a10a03","title":"mr","firstName":"Andri","lastName":"Leclerc","picture":"https://randomuser.me/api/portraits/med/men/57.jpg"},{"id":"60d0fe4f5311236168a10a04","title":"mr","firstName":"Konsta","lastName":"Manninen","picture":"https://randomuser.me/api/portraits/med/men/24.jpg"},{"id":"60d0fe4f5311236168a10a05","title":"ms","firstName":"Ane","lastName":"Frafjord","picture":"https://randomuser.me/api/portraits/med/women/54.jpg"},{"id":"60d0fe4f5311236168a10a06","title":"mrs","firstName":"OlaÃ­","lastName":"Gomes","picture":"https://randomuser.me/api/portraits/med/women/85.jpg"},{"id":"60d0fe4f5311236168a10a07","title":"mr","firstName":"Sigmund","lastName":"Myran","picture":"https://randomuser.me/api/portraits/med/men/61.jpg"},{"id":"60d0fe4f5311236168a10a08","title":"ms","firstName":"Lilja","lastName":"Lampinen","picture":"https://randomuser.me/api/portraits/med/women/50.jpg"},{"id":"60d0fe4f5311236168a10a09","title":"miss","firstName":"Clea","lastName":"Dubois","picture":"https://randomuser.me/api/portraits/med/women/11.jpg"},{"id":"60d0fe4f5311236168a10a0a","title":"mr","firstName":"Sandro","lastName":"Guillot","picture":"https://randomuser.me/api/portraits/med/men/8.jpg"},{"id":"60d0fe4f5311236168a10a0b","title":"miss","firstName":"Margarita","lastName":"Vicente","picture":"https://randomuser.me/api/portraits/med/women/5.jpg"},{"id":"60d0fe4f5311236168a10a0c","title":"ms","firstName":"Annabel"... (set the log level to DEBUG or TRACE to see the full content) 
 </msg>
<msg timestamp="20230626 08:25:07.668" level="INFO">${response} = &lt;Response [200]&gt;</msg>
<status status="PASS" starttime="20230626 08:25:07.164" endtime="20230626 08:25:07.669"/>
</kw>
<kw name="Evaluate" library="BuiltIn">
<var>${body_dict}</var>
<arg>json.loads($response.content)</arg>
<arg>json</arg>
<doc>Evaluates the given expression in Python and returns the result.</doc>
<msg timestamp="20230626 08:25:07.682" level="INFO">${body_dict} = {'data': [{'id': '60d0fe4f5311236168a109ca', 'title': 'ms', 'firstName': 'Sara', 'lastName': 'Andersen', 'picture': 'https://randomuser.me/api/portraits/women/58.jpg'}, {'id': '60d0fe4f5311236168a109c...</msg>
<status status="PASS" starttime="20230626 08:25:07.669" endtime="20230626 08:25:07.682"/>
</kw>
<kw name="Convert To String" library="BuiltIn">
<var>${status_code}</var>
<arg>${response.status_code}</arg>
<doc>Converts the given item to a Unicode string.</doc>
<msg timestamp="20230626 08:25:07.685" level="INFO">${status_code} = 200</msg>
<status status="PASS" starttime="20230626 08:25:07.683" endtime="20230626 08:25:07.685"/>
</kw>
<msg timestamp="20230626 08:25:07.687" level="INFO">${response_body} = {'data': [{'id': '60d0fe4f5311236168a109ca', 'title': 'ms', 'firstName': 'Sara', 'lastName': 'Andersen', 'picture': 'https://randomuser.me/api/portraits/women/58.jpg'}, {'id': '60d0fe4f5311236168a109c...</msg>
<msg timestamp="20230626 08:25:07.687" level="INFO">${status_code} = 200</msg>
<status status="PASS" starttime="20230626 08:25:07.159" endtime="20230626 08:25:07.687"/>
</kw>
<kw name="Set Variable" library="BuiltIn">
<var>${first_user}</var>
<arg>${response_body['data'][0]}</arg>
<doc>Returns the given values which can then be assigned to a variables.</doc>
<msg timestamp="20230626 08:25:07.691" level="INFO">${first_user} = {'id': '60d0fe4f5311236168a109ca', 'title': 'ms', 'firstName': 'Sara', 'lastName': 'Andersen', 'picture': 'https://randomuser.me/api/portraits/women/58.jpg'}</msg>
<status status="PASS" starttime="20230626 08:25:07.689" endtime="20230626 08:25:07.691"/>
</kw>
<kw name="Verify Response Status Code" library="keywords">
<arg>200</arg>
<arg>${status_code}</arg>
<kw name="Should Be Equal" library="BuiltIn">
<arg>${expected_status_code}</arg>
<arg>${response}</arg>
<doc>Fails if the given objects are unequal.</doc>
<status status="PASS" starttime="20230626 08:25:07.693" endtime="20230626 08:25:07.694"/>
</kw>
<status status="PASS" starttime="20230626 08:25:07.692" endtime="20230626 08:25:07.694"/>
</kw>
<kw name="Verify Response Body" library="keywords">
<arg>${expected_values}</arg>
<arg>${first_user}</arg>
<kw name="Should Be Equal As Strings" library="BuiltIn">
<arg>${response.content}</arg>
<arg>${expected_result}</arg>
<doc>Fails if objects are unequal after converting them to strings.</doc>
<msg timestamp="20230626 08:25:07.696" level="INFO">Argument types are:
&lt;class 'dict'&gt;
&lt;class 'str'&gt;</msg>
<status status="PASS" starttime="20230626 08:25:07.696" endtime="20230626 08:25:07.696"/>
</kw>
<status status="PASS" starttime="20230626 08:25:07.695" endtime="20230626 08:25:07.696"/>
</kw>
<doc>Test the get users list functionality with valid app_id</doc>
<tag>Functional</tag>
<tag>Regression</tag>
<tag>Smoke</tag>
<status status="PASS" starttime="20230626 08:25:07.158" endtime="20230626 08:25:07.697"/>
</test>
<test id="s1-t2" name="Get Users List Pagination Test" line="16">
<kw name="Get Users" library="keywords">
<var>${response_body}</var>
<var>${status_code}</var>
<arg>${BASE_URL}</arg>
<arg>${USER_LIST_ENDPOINT}</arg>
<arg>${APP_ID}</arg>
<arg>5</arg>
<arg>2</arg>
<kw name="Create Dictionary" library="BuiltIn">
<var>${headers}</var>
<arg>app-id=${app_id}</arg>
<doc>Creates and returns a dictionary based on the given ``items``.</doc>
<msg timestamp="20230626 08:25:07.708" level="INFO">${headers} = {'app-id': '64953ef9d9f7c5528662e639'}</msg>
<status status="PASS" starttime="20230626 08:25:07.707" endtime="20230626 08:25:07.708"/>
</kw>
<kw name="Set Variable" library="BuiltIn">
<var>${query}</var>
<arg>?limit=${limit}&amp;page=${page}</arg>
<doc>Returns the given values which can then be assigned to a variables.</doc>
<msg timestamp="20230626 08:25:07.709" level="INFO">${query} = ?limit=5&amp;page=2</msg>
<status status="PASS" starttime="20230626 08:25:07.709" endtime="20230626 08:25:07.709"/>
</kw>
<kw name="GET" library="RequestsLibrary">
<var>${response}</var>
<arg>${base_url}${endpoint}</arg>
<arg>params=limit=${limit}&amp;page=${page}</arg>
<arg>headers=${headers}</arg>
<doc>Sends a GET request.</doc>
<msg timestamp="20230626 08:25:08.147" level="INFO">GET Request : url=https://dummyapi.io/data/v1/user?limit=5&amp;page=2 
 path_url=/data/v1/user?limit=5&amp;page=2 
 headers={'User-Agent': 'python-requests/2.31.0', 'Accept-Encoding': 'gzip, deflate', 'Accept': '*/*', 'Connection': 'keep-alive', 'app-id': '64953ef9d9f7c5528662e639'} 
 body=None 
 </msg>
<msg timestamp="20230626 08:25:08.148" level="INFO">GET Response : url=https://dummyapi.io/data/v1/user?limit=5&amp;page=2 
 status=200, reason=OK 
 headers={'Connection': 'keep-alive', 'Content-Length': '809', 'Access-Control-Allow-Origin': '*', 'Cache-Control': 'private', 'Content-Type': 'application/json; charset=utf-8', 'Etag': 'W/"329-Skdg0X1UHxbfXtio03KcytJRur8"', 'Function-Execution-Id': 'enbegrao1v9d', 'Server': 'Google Frontend', 'Strict-Transport-Security': 'max-age=31556926', 'X-Cloud-Trace-Context': 'ae0a02d40e4214b27d6b24759c42191a', 'X-Country-Code': 'ID', 'Accept-Ranges': 'bytes', 'Date': 'Mon, 26 Jun 2023 01:25:08 GMT', 'X-Served-By': 'cache-qpg1265-QPG', 'X-Cache': 'MISS', 'X-Cache-Hits': '0', 'X-Timer': 'S1687742708.799628,VS0,VE269', 'Vary': 'cookie,need-authorization, x-fh-requested-host, accept-encoding', 'alt-svc': 'h3=":443";ma=86400,h3-29=":443";ma=86400,h3-27=":443";ma=86400'} 
 body={"data":[{"id":"60d0fe4f5311236168a109d4","title":"mr","firstName":"Valentin","lastName":"Ortega","picture":"https://randomuser.me/api/portraits/med/men/3.jpg"},{"id":"60d0fe4f5311236168a109d5","title":"mrs","firstName":"Sibylle","lastName":"Leibold","picture":"https://randomuser.me/api/portraits/med/women/89.jpg"},{"id":"60d0fe4f5311236168a109d6","title":"mrs","firstName":"Elisa","lastName":"Lorenzo","picture":"https://randomuser.me/api/portraits/med/women/89.jpg"},{"id":"60d0fe4f5311236168a109d7","title":"mr","firstName":"Leevi","lastName":"Savela","picture":"https://randomuser.me/api/portraits/med/men/67.jpg"},{"id":"60d0fe4f5311236168a109d8","title":"mrs","firstName":"Karoline","lastName":"Sviggum","picture":"https://randomuser.me/api/portraits/med/women/61.jpg"}],"total":99,"page":2,"limit":5} 
 </msg>
<msg timestamp="20230626 08:25:08.149" level="INFO">${response} = &lt;Response [200]&gt;</msg>
<status status="PASS" starttime="20230626 08:25:07.710" endtime="20230626 08:25:08.149"/>
</kw>
<kw name="Evaluate" library="BuiltIn">
<var>${body_dict}</var>
<arg>json.loads($response.content)</arg>
<arg>json</arg>
<doc>Evaluates the given expression in Python and returns the result.</doc>
<msg timestamp="20230626 08:25:08.152" level="INFO">${body_dict} = {'data': [{'id': '60d0fe4f5311236168a109d4', 'title': 'mr', 'firstName': 'Valentin', 'lastName': 'Ortega', 'picture': 'https://randomuser.me/api/portraits/med/men/3.jpg'}, {'id': '60d0fe4f5311236168a1...</msg>
<status status="PASS" starttime="20230626 08:25:08.150" endtime="20230626 08:25:08.153"/>
</kw>
<kw name="Convert To String" library="BuiltIn">
<var>${status_code}</var>
<arg>${response.status_code}</arg>
<doc>Converts the given item to a Unicode string.</doc>
<msg timestamp="20230626 08:25:08.158" level="INFO">${status_code} = 200</msg>
<status status="PASS" starttime="20230626 08:25:08.153" endtime="20230626 08:25:08.158"/>
</kw>
<msg timestamp="20230626 08:25:08.159" level="INFO">${response_body} = {'data': [{'id': '60d0fe4f5311236168a109d4', 'title': 'mr', 'firstName': 'Valentin', 'lastName': 'Ortega', 'picture': 'https://randomuser.me/api/portraits/med/men/3.jpg'}, {'id': '60d0fe4f5311236168a1...</msg>
<msg timestamp="20230626 08:25:08.160" level="INFO">${status_code} = 200</msg>
<status status="PASS" starttime="20230626 08:25:07.705" endtime="20230626 08:25:08.160"/>
</kw>
<kw name="Log" library="BuiltIn">
<arg>${response_body}</arg>
<doc>Logs the given message with the given level.</doc>
<msg timestamp="20230626 08:25:08.175" level="INFO">{'data': [{'id': '60d0fe4f5311236168a109d4', 'title': 'mr', 'firstName': 'Valentin', 'lastName': 'Ortega', 'picture': 'https://randomuser.me/api/portraits/med/men/3.jpg'}, {'id': '60d0fe4f5311236168a109d5', 'title': 'mrs', 'firstName': 'Sibylle', 'lastName': 'Leibold', 'picture': 'https://randomuser.me/api/portraits/med/women/89.jpg'}, {'id': '60d0fe4f5311236168a109d6', 'title': 'mrs', 'firstName': 'Elisa', 'lastName': 'Lorenzo', 'picture': 'https://randomuser.me/api/portraits/med/women/89.jpg'}, {'id': '60d0fe4f5311236168a109d7', 'title': 'mr', 'firstName': 'Leevi', 'lastName': 'Savela', 'picture': 'https://randomuser.me/api/portraits/med/men/67.jpg'}, {'id': '60d0fe4f5311236168a109d8', 'title': 'mrs', 'firstName': 'Karoline', 'lastName': 'Sviggum', 'picture': 'https://randomuser.me/api/portraits/med/women/61.jpg'}], 'total': 99, 'page': 2, 'limit': 5}</msg>
<status status="PASS" starttime="20230626 08:25:08.174" endtime="20230626 08:25:08.175"/>
</kw>
<kw name="Verify Response Status Code" library="keywords">
<arg>200</arg>
<arg>${status_code}</arg>
<kw name="Should Be Equal" library="BuiltIn">
<arg>${expected_status_code}</arg>
<arg>${response}</arg>
<doc>Fails if the given objects are unequal.</doc>
<status status="PASS" starttime="20230626 08:25:08.176" endtime="20230626 08:25:08.177"/>
</kw>
<status status="PASS" starttime="20230626 08:25:08.175" endtime="20230626 08:25:08.177"/>
</kw>
<kw name="Verify Response Body" library="keywords">
<arg>5</arg>
<arg>${response_body['limit']}</arg>
<kw name="Should Be Equal As Strings" library="BuiltIn">
<arg>${response.content}</arg>
<arg>${expected_result}</arg>
<doc>Fails if objects are unequal after converting them to strings.</doc>
<msg timestamp="20230626 08:25:08.180" level="INFO">Argument types are:
&lt;class 'int'&gt;
&lt;class 'str'&gt;</msg>
<status status="PASS" starttime="20230626 08:25:08.180" endtime="20230626 08:25:08.180"/>
</kw>
<status status="PASS" starttime="20230626 08:25:08.178" endtime="20230626 08:25:08.181"/>
</kw>
<kw name="Verify Response Body" library="keywords">
<arg>2</arg>
<arg>${response_body['page']}</arg>
<kw name="Should Be Equal As Strings" library="BuiltIn">
<arg>${response.content}</arg>
<arg>${expected_result}</arg>
<doc>Fails if objects are unequal after converting them to strings.</doc>
<msg timestamp="20230626 08:25:08.188" level="INFO">Argument types are:
&lt;class 'int'&gt;
&lt;class 'str'&gt;</msg>
<status status="PASS" starttime="20230626 08:25:08.187" endtime="20230626 08:25:08.188"/>
</kw>
<status status="PASS" starttime="20230626 08:25:08.181" endtime="20230626 08:25:08.188"/>
</kw>
<kw name="Length Should Be" library="BuiltIn">
<arg>${response_body['data']}</arg>
<arg>5</arg>
<doc>Verifies that the length of the given item is correct.</doc>
<msg timestamp="20230626 08:25:08.192" level="INFO">Length is 5</msg>
<status status="PASS" starttime="20230626 08:25:08.190" endtime="20230626 08:25:08.192"/>
</kw>
<doc>Test the get users list pagination functionality</doc>
<tag>Functional</tag>
<status status="PASS" starttime="20230626 08:25:07.702" endtime="20230626 08:25:08.193"/>
</test>
<test id="s1-t3" name="Get Users List Test with Invalid App_id" line="27">
<kw name="Run Keyword And Ignore Error" library="BuiltIn">
<var>${response_body}</var>
<var>${status_code}</var>
<arg>Get Users</arg>
<arg>${BASE_URL}</arg>
<arg>${USER_LIST_ENDPOINT}</arg>
<arg>${INVALID_APP_ID}</arg>
<doc>Runs the given keyword with the given arguments and ignores possible error.</doc>
<kw name="Get Users" library="keywords">
<arg>${BASE_URL}</arg>
<arg>${USER_LIST_ENDPOINT}</arg>
<arg>${INVALID_APP_ID}</arg>
<kw name="Create Dictionary" library="BuiltIn">
<var>${headers}</var>
<arg>app-id=${app_id}</arg>
<doc>Creates and returns a dictionary based on the given ``items``.</doc>
<msg timestamp="20230626 08:25:08.201" level="INFO">${headers} = {'app-id': '64953ef9d9f7c5528662e630'}</msg>
<status status="PASS" starttime="20230626 08:25:08.200" endtime="20230626 08:25:08.201"/>
</kw>
<kw name="Set Variable" library="BuiltIn">
<var>${query}</var>
<arg>?limit=${limit}&amp;page=${page}</arg>
<doc>Returns the given values which can then be assigned to a variables.</doc>
<msg timestamp="20230626 08:25:08.202" level="INFO">${query} = ?limit=default_value&amp;page=default_value</msg>
<status status="PASS" starttime="20230626 08:25:08.201" endtime="20230626 08:25:08.202"/>
</kw>
<kw name="GET" library="RequestsLibrary">
<var>${response}</var>
<arg>${base_url}${endpoint}</arg>
<arg>params=limit=${limit}&amp;page=${page}</arg>
<arg>headers=${headers}</arg>
<doc>Sends a GET request.</doc>
<msg timestamp="20230626 08:25:08.726" level="INFO">GET Request : url=https://dummyapi.io/data/v1/user?limit=default_value&amp;page=default_value 
 path_url=/data/v1/user?limit=default_value&amp;page=default_value 
 headers={'User-Agent': 'python-requests/2.31.0', 'Accept-Encoding': 'gzip, deflate', 'Accept': '*/*', 'Connection': 'keep-alive', 'app-id': '64953ef9d9f7c5528662e630'} 
 body=None 
 </msg>
<msg timestamp="20230626 08:25:08.726" level="INFO">GET Response : url=https://dummyapi.io/data/v1/user?limit=default_value&amp;page=default_value 
 status=403, reason=Forbidden 
 headers={'Connection': 'keep-alive', 'Content-Length': '28', 'Access-Control-Allow-Origin': '*', 'Content-Type': 'application/json; charset=utf-8', 'Etag': 'W/"1c-kPKEcDemyo2bhmjwiRXwOfWWrps"', 'Function-Execution-Id': 'enben3jnm6kk', 'Server': 'Google Frontend', 'X-Cloud-Trace-Context': 'abf73f480e9247ede1a58876afdb3223', 'Accept-Ranges': 'bytes', 'Date': 'Mon, 26 Jun 2023 01:25:08 GMT', 'X-Served-By': 'cache-qpg1278-QPG', 'X-Cache': 'MISS', 'X-Cache-Hits': '0', 'X-Timer': 'S1687742708.337471,VS0,VE253', 'Vary': 'x-fh-requested-host, accept-encoding', 'alt-svc': 'h3=":443";ma=86400,h3-29=":443";ma=86400,h3-27=":443";ma=86400'} 
 body={"error":"APP_ID_NOT_EXIST"} 
 </msg>
<msg timestamp="20230626 08:25:08.727" level="FAIL">HTTPError: 403 Client Error: Forbidden for url: https://dummyapi.io/data/v1/user?limit=default_value&amp;page=default_value</msg>
<status status="FAIL" starttime="20230626 08:25:08.202" endtime="20230626 08:25:08.737"/>
</kw>
<kw name="Evaluate" library="BuiltIn">
<var>${body_dict}</var>
<arg>json.loads($response.content)</arg>
<arg>json</arg>
<doc>Evaluates the given expression in Python and returns the result.</doc>
<status status="NOT RUN" starttime="20230626 08:25:08.737" endtime="20230626 08:25:08.738"/>
</kw>
<kw name="Convert To String" library="BuiltIn">
<var>${status_code}</var>
<arg>${response.status_code}</arg>
<doc>Converts the given item to a Unicode string.</doc>
<status status="NOT RUN" starttime="20230626 08:25:08.738" endtime="20230626 08:25:08.738"/>
</kw>
<status status="FAIL" starttime="20230626 08:25:08.199" endtime="20230626 08:25:08.738"/>
</kw>
<msg timestamp="20230626 08:25:08.739" level="INFO">${response_body} = FAIL</msg>
<msg timestamp="20230626 08:25:08.739" level="INFO">${status_code} = HTTPError: 403 Client Error: Forbidden for url: https://dummyapi.io/data/v1/user?limit=default_value&amp;page=default_value</msg>
<status status="PASS" starttime="20230626 08:25:08.198" endtime="20230626 08:25:08.739"/>
</kw>
<kw name="Log" library="BuiltIn">
<arg>${response_body}</arg>
<doc>Logs the given message with the given level.</doc>
<msg timestamp="20230626 08:25:08.741" level="INFO">FAIL</msg>
<status status="PASS" starttime="20230626 08:25:08.740" endtime="20230626 08:25:08.741"/>
</kw>
<kw name="Verify Response Status Code" library="keywords">
<arg>${HTTP_ERROR}</arg>
<arg>${status_code}</arg>
<kw name="Should Be Equal" library="BuiltIn">
<arg>${expected_status_code}</arg>
<arg>${response}</arg>
<doc>Fails if the given objects are unequal.</doc>
<status status="PASS" starttime="20230626 08:25:08.743" endtime="20230626 08:25:08.744"/>
</kw>
<status status="PASS" starttime="20230626 08:25:08.742" endtime="20230626 08:25:08.744"/>
</kw>
<doc>Test the get users list functionality with invalid app_id</doc>
<tag>Regression</tag>
<tag>Security</tag>
<status status="PASS" starttime="20230626 08:25:08.196" endtime="20230626 08:25:08.745"/>
</test>
<status status="PASS" starttime="20230626 08:25:06.764" endtime="20230626 08:25:08.749"/>
</suite>
<statistics>
<total>
<stat pass="3" fail="0" skip="0">All Tests</stat>
</total>
<tag>
<stat pass="2" fail="0" skip="0">Functional</stat>
<stat pass="2" fail="0" skip="0">Regression</stat>
<stat pass="1" fail="0" skip="0">Security</stat>
<stat pass="1" fail="0" skip="0">Smoke</stat>
</tag>
<suite>
<stat pass="3" fail="0" skip="0" id="s1" name="Get Users">Get Users</stat>
</suite>
</statistics>
<errors>
</errors>
</robot>
